SF:lib/src/features/product_store/data/repositories/products_repository.dart
DA:13,1
DA:19,0
DA:22,0
DA:24,0
DA:28,1
DA:31,2
DA:33,0
DA:37,0
DA:39,0
DA:42,0
DA:44,0
LF:11
LH:3
end_of_record
SF:lib/src/features/product_store/interactor/entities/product_entity.dart
DA:14,6
DA:23,1
DA:25,1
DA:26,1
DA:27,1
DA:28,1
DA:29,1
DA:30,1
DA:31,1
DA:35,1
DA:36,1
DA:37,1
DA:38,1
DA:39,1
DA:40,1
DA:41,1
DA:42,1
DA:46,2
DA:47,2
DA:48,2
DA:49,2
DA:50,4
DA:51,2
DA:52,2
DA:53,2
DA:57,0
DA:59,0
DA:60,0
LF:28
LH:25
end_of_record
SF:lib/src/core/core_module.dart
DA:13,6
DA:14,6
DA:16,6
DA:18,6
DA:22,0
DA:25,0
DA:27,0
DA:33,0
DA:35,0
DA:37,0
DA:41,0
LF:11
LH:4
end_of_record
SF:lib/src/features/authentication/authentication_module.dart
DA:28,1
DA:30,1
DA:32,1
DA:40,1
DA:43,1
DA:44,1
DA:45,1
DA:48,1
DA:51,1
DA:52,1
DA:53,1
DA:54,1
DA:57,1
DA:58,2
DA:59,1
DA:60,1
DA:61,1
DA:62,1
DA:63,1
DA:69,0
DA:75,0
DA:78,0
DA:80,0
DA:87,0
DA:88,0
DA:89,0
DA:96,0
DA:97,0
DA:98,0
LF:29
LH:19
end_of_record
SF:lib/src/features/onboarding/onboarding_module.dart
DA:18,0
DA:24,0
DA:26,0
DA:27,0
DA:28,0
DA:29,0
DA:30,0
DA:31,0
DA:36,0
DA:38,0
DA:40,0
DA:44,0
DA:47,0
LF:13
LH:0
end_of_record
SF:lib/src/features/product_store/product_store_module.dart
DA:27,0
DA:29,0
DA:31,0
DA:35,0
DA:38,0
DA:39,0
DA:40,0
DA:43,0
DA:46,0
DA:47,0
DA:48,0
DA:51,0
DA:52,0
DA:53,0
DA:54,0
DA:55,0
DA:56,0
DA:62,0
DA:68,0
DA:71,0
DA:76,0
DA:77,0
DA:78,0
DA:85,0
DA:86,0
DA:87,0
LF:26
LH:0
end_of_record
SF:lib/src/shared/modules/haptic_feedback/haptic_feedback_module.dart
DA:7,6
DA:9,6
LF:2
LH:2
end_of_record
SF:lib/src/shared/modules/internet/internet_module.dart
DA:11,6
DA:17,6
DA:19,6
DA:20,6
DA:24,0
DA:27,0
DA:29,0
LF:7
LH:4
end_of_record
SF:lib/src/core/routes/routes.dart
DA:3,306
DA:6,0
DA:8,1
DA:9,1
DA:10,0
DA:12,0
DA:13,0
DA:14,0
DA:16,0
LF:9
LH:3
end_of_record
SF:lib/src/core/ui/pages/splash_art_page.dart
DA:14,17
DA:16,0
DA:17,0
DA:29,0
DA:30,0
DA:32,0
DA:33,0
DA:38,0
DA:40,0
DA:41,0
DA:44,0
DA:45,0
DA:46,0
DA:54,0
DA:56,0
DA:57,0
DA:58,0
DA:59,0
DA:67,0
DA:71,0
DA:73,0
DA:74,0
DA:80,0
DA:84,0
DA:86,0
DA:87,0
DA:91,0
DA:96,0
DA:97,0
DA:98,0
DA:99,0
DA:100,0
DA:101,0
DA:103,0
DA:104,0
DA:106,0
DA:107,0
DA:111,0
DA:113,0
DA:114,0
DA:115,0
DA:116,0
DA:118,0
DA:119,0
DA:120,0
DA:121,0
DA:123,0
DA:124,0
DA:126,0
DA:127,0
DA:128,0
DA:129,0
DA:130,0
DA:131,0
DA:136,0
DA:139,0
DA:143,0
DA:144,0
DA:145,0
DA:146,0
DA:148,0
DA:149,0
DA:150,0
DA:151,0
DA:152,0
LF:65
LH:1
end_of_record
SF:lib/src/shared/design_system/design_system.dart
DA:16,9
LF:1
LH:1
end_of_record
SF:lib/src/shared/modules/responsive_layout/constants/k_figma_auto_scale.dart
DA:8,0
LF:1
LH:0
end_of_record
SF:lib/src/shared/modules/responsive_layout/ui/responsive_layout.dart
DA:15,17
DA:28,0
DA:30,0
DA:31,0
DA:32,0
DA:36,0
DA:37,0
DA:40,0
DA:42,0
DA:45,0
DA:46,0
DA:48,0
DA:49,0
DA:51,0
DA:52,0
DA:55,0
DA:63,0
DA:65,0
DA:66,0
DA:67,0
DA:68,0
DA:70,0
DA:72,0
DA:73,0
DA:74,0
DA:75,0
DA:76,0
DA:77,0
LF:28
LH:1
end_of_record
SF:lib/src/shared/widgets/display_media/display_svg/display_svg.dart
DA:5,0
DA:20,0
DA:22,0
DA:23,0
DA:24,0
DA:25,0
DA:26,0
DA:30,0
DA:31,0
DA:32,0
DA:35,0
DA:36,0
LF:12
LH:0
end_of_record
SF:lib/src/features/authentication/data/datasources/create_account_ds.dart
DA:10,1
DA:15,3
DA:17,1
DA:24,3
DA:27,3
DA:29,3
LF:6
LH:6
end_of_record
SF:lib/src/features/authentication/data/datasources/delete_account_ds.dart
DA:9,1
DA:11,2
DA:12,1
DA:15,2
LF:4
LH:4
end_of_record
SF:lib/src/features/authentication/data/datasources/login_ds.dart
DA:10,1
DA:13,3
DA:15,1
DA:21,3
DA:23,3
LF:5
LH:5
end_of_record
SF:lib/src/features/authentication/data/repositories/auth_repository.dart
DA:11,2
DA:19,1
DA:25,2
DA:34,1
DA:39,2
DA:45,1
DA:51,2
DA:56,0
LF:8
LH:7
end_of_record
SF:lib/src/features/authentication/data/services/auth_service.dart
DA:16,2
DA:24,2
DA:25,2
DA:27,1
DA:29,2
DA:32,1
DA:34,2
DA:37,1
DA:39,3
DA:42,1
DA:46,2
LF:11
LH:11
end_of_record
SF:lib/src/features/authentication/interactor/entities/auth_state_entity.dart
DA:12,2
DA:19,2
DA:20,2
DA:21,4
DA:22,2
DA:23,2
DA:24,2
DA:28,0
DA:34,0
DA:35,0
DA:36,0
DA:37,0
DA:38,0
LF:13
LH:7
end_of_record
SF:lib/src/features/authentication/interactor/usecases/create_account_uc.dart
DA:13,1
DA:17,1
DA:20,3
DA:21,3
DA:22,2
DA:26,2
DA:27,2
DA:28,1
DA:31,3
DA:32,3
DA:35,2
DA:41,2
DA:42,2
DA:43,1
DA:45,1
DA:47,6
LF:16
LH:16
end_of_record
SF:lib/src/features/authentication/interactor/usecases/delete_account_uc.dart
DA:13,2
DA:15,0
DA:18,0
DA:19,0
DA:20,0
DA:24,0
DA:25,0
DA:26,0
DA:29,0
DA:30,0
DA:33,0
DA:36,0
DA:37,0
DA:38,0
DA:41,0
LF:15
LH:1
end_of_record
SF:lib/src/features/authentication/interactor/usecases/login_uc.dart
DA:14,2
DA:16,0
DA:19,0
DA:20,0
DA:21,0
DA:24,0
DA:25,0
DA:28,0
DA:29,0
DA:30,0
DA:32,0
DA:34,0
DA:38,0
DA:39,0
DA:40,0
DA:42,0
DA:44,0
LF:17
LH:1
end_of_record
SF:lib/src/features/authentication/interactor/usecases/update_auth_state_uc.dart
DA:10,0
DA:13,0
DA:15,0
DA:19,0
DA:20,0
DA:21,0
DA:22,0
DA:23,0
DA:24,0
DA:25,0
DA:26,0
DA:27,0
DA:28,0
DA:29,0
DA:30,0
LF:15
LH:0
end_of_record
SF:lib/src/features/authentication/ui/pages/user_page.dart
DA:18,17
DA:20,0
DA:22,0
DA:23,0
DA:24,0
DA:25,0
DA:29,0
DA:31,0
DA:32,0
DA:34,0
DA:36,0
DA:37,0
DA:38,0
DA:39,0
DA:44,0
DA:46,0
DA:47,0
DA:48,0
DA:56,0
LF:19
LH:1
end_of_record
SF:lib/src/features/authentication/ui/pages/login.dart
DA:13,17
DA:15,0
DA:17,0
DA:18,0
DA:19,0
DA:20,0
DA:31,0
DA:32,0
DA:34,0
DA:35,0
LF:10
LH:1
end_of_record
SF:lib/src/features/authentication/ui/pages/sign_up.dart
DA:10,17
DA:12,0
DA:14,0
DA:15,0
LF:4
LH:1
end_of_record
SF:lib/src/features/authentication/interactor/entities/user_entity.dart
DA:7,2
DA:13,2
DA:14,2
DA:21,0
DA:26,0
DA:27,0
DA:28,0
DA:29,0
LF:8
LH:3
end_of_record
SF:lib/src/shared/widgets/buttons/return_button.dart
DA:10,0
DA:21,0
DA:23,0
DA:24,0
DA:25,0
DA:26,0
DA:27,0
DA:28,0
DA:29,0
DA:30,0
DA:31,0
DA:32,0
DA:34,0
DA:35,0
DA:36,0
DA:37,0
DA:38,0
DA:39,0
DA:44,0
DA:45,0
DA:46,0
DA:47,0
DA:50,0
LF:23
LH:0
end_of_record
SF:lib/src/features/authentication/ui/widgets/company_logo.dart
DA:9,17
DA:13,0
DA:15,0
DA:16,0
DA:18,0
DA:19,0
DA:20,0
DA:21,0
DA:22,0
DA:23,0
LF:10
LH:1
end_of_record
SF:lib/src/features/authentication/ui/widgets/dont_have_account_button.dart
DA:14,17
DA:18,0
DA:20,0
DA:21,0
DA:22,0
DA:23,0
DA:25,0
DA:27,0
DA:28,0
DA:29,0
DA:30,0
DA:31,0
DA:32,0
DA:34,0
DA:35,0
DA:36,0
DA:38,0
DA:40,0
DA:42,0
DA:45,0
DA:47,0
DA:48,0
DA:49,0
DA:51,0
DA:52,0
LF:25
LH:1
end_of_record
SF:lib/src/features/authentication/ui/widgets/login_container.dart
DA:16,17
DA:20,0
DA:21,0
DA:31,0
DA:33,0
DA:34,0
DA:36,0
DA:37,0
DA:39,0
DA:40,0
DA:41,0
DA:46,0
DA:47,0
DA:49,0
DA:51,0
DA:53,0
DA:55,0
DA:57,0
DA:59,0
DA:60,0
DA:61,0
DA:62,0
DA:63,0
DA:64,0
DA:65,0
DA:66,0
DA:67,0
DA:68,0
DA:72,0
DA:82,0
DA:83,0
DA:85,0
DA:86,0
DA:88,0
DA:90,0
DA:91,0
DA:92,0
DA:93,0
DA:94,0
DA:96,0
DA:98,0
DA:100,0
DA:101,0
DA:102,0
DA:103,0
DA:104,0
DA:106,0
DA:112,0
DA:114,0
DA:116,0
DA:118,0
DA:124,0
DA:126,0
DA:127,0
DA:129,0
DA:132,0
LF:56
LH:1
end_of_record
SF:lib/src/features/authentication/ui/widgets/already_have_account_button.dart
DA:12,17
DA:16,0
DA:18,0
DA:20,0
DA:21,0
DA:22,0
DA:23,0
DA:24,0
DA:25,0
DA:26,0
DA:27,0
DA:29,0
DA:31,0
DA:33,0
DA:36,0
DA:38,0
DA:39,0
DA:40,0
DA:42,0
DA:43,0
LF:20
LH:1
end_of_record
SF:lib/src/features/authentication/ui/widgets/sign_up_container.dart
DA:14,17
DA:18,0
DA:19,0
DA:29,0
DA:31,0
DA:32,0
DA:34,0
DA:35,0
DA:36,0
DA:37,0
DA:38,0
DA:43,0
DA:45,0
DA:46,0
DA:47,0
DA:48,0
DA:49,0
DA:50,0
DA:51,0
DA:52,0
DA:53,0
DA:54,0
DA:55,0
DA:56,0
DA:57,0
DA:61,0
DA:69,0
DA:70,0
DA:71,0
DA:72,0
DA:73,0
DA:74,0
DA:75,0
DA:77,0
DA:79,0
DA:81,0
DA:82,0
DA:83,0
DA:84,0
DA:85,0
DA:87,0
DA:93,0
DA:95,0
DA:97,0
DA:101,0
DA:103,0
DA:104,0
DA:106,0
DA:109,0
LF:49
LH:1
end_of_record
SF:lib/src/features/authentication/ui/widgets/sign_up_id_card.dart
DA:10,17
DA:14,0
DA:16,0
DA:17,0
DA:19,0
DA:21,0
DA:23,0
DA:24,0
DA:26,0
DA:28,0
DA:29,0
DA:31,0
DA:32,0
LF:13
LH:1
end_of_record
SF:lib/src/features/authentication/ui/widgets/credits.dart
DA:7,17
DA:11,0
DA:13,0
DA:15,0
DA:16,0
DA:17,0
DA:18,0
DA:20,0
DA:22,0
LF:9
LH:1
end_of_record
SF:lib/src/features/authentication/ui/widgets/logout_button.dart
DA:8,0
DA:15,0
DA:17,0
DA:19,0
DA:21,0
DA:22,0
DA:24,0
DA:25,0
LF:8
LH:0
end_of_record
SF:lib/src/shared/widgets/display_media/display_image/display_image.dart
DA:4,0
DA:19,0
DA:21,0
DA:22,0
DA:23,0
DA:24,0
DA:25,0
DA:29,0
DA:30,0
DA:31,0
DA:32,0
DA:33,0
DA:34,0
DA:35,0
LF:14
LH:0
end_of_record
SF:lib/src/features/product_store/ui/widgets/top_menu_bar.dart
DA:14,51
DA:23,0
DA:25,0
DA:26,0
DA:27,0
DA:28,0
DA:29,0
DA:30,0
DA:34,0
DA:35,0
DA:36,0
DA:38,0
DA:41,0
DA:45,0
DA:48,0
DA:49,0
DA:50,0
DA:51,0
DA:52,0
DA:53,0
DA:55,0
DA:63,0
DA:65,0
DA:66,0
DA:70,0
DA:72,0
DA:73,0
DA:79,0
DA:80,0
LF:29
LH:1
end_of_record
SF:lib/src/features/authentication/ui/widgets/delete_account_button.dart
DA:12,17
DA:16,0
DA:18,0
DA:20,0
DA:22,0
DA:23,0
DA:24,0
DA:25,0
DA:26,0
DA:28,0
DA:29,0
DA:30,0
DA:32,0
DA:34,0
DA:36,0
DA:37,0
DA:38,0
DA:39,0
LF:18
LH:1
end_of_record
SF:lib/src/shared/modules/responsive_layout/constants/k_platform_info.dart
DA:7,0
DA:8,0
DA:9,0
LF:3
LH:0
end_of_record
SF:lib/src/features/authentication/ui/widgets/forgot_password_button.dart
DA:12,17
DA:16,0
DA:18,0
DA:20,0
DA:21,0
DA:22,0
DA:23,0
DA:25,0
DA:26,0
DA:27,0
DA:29,0
DA:31,0
DA:33,0
DA:34,0
DA:35,0
DA:37,0
DA:38,0
LF:17
LH:1
end_of_record
SF:lib/src/shared/widgets/buttons/big_button.dart
DA:14,0
DA:21,0
DA:23,0
DA:24,0
DA:26,0
DA:27,0
DA:28,0
DA:29,0
DA:30,0
DA:31,0
DA:32,0
DA:33,0
DA:36,0
DA:37,0
DA:38,0
DA:40,0
DA:41,0
DA:42,0
DA:43,0
DA:44,0
DA:45,0
DA:46,0
DA:47,0
DA:54,0
DA:55,0
DA:56,0
DA:57,0
LF:27
LH:0
end_of_record
SF:lib/src/features/authentication/ui/widgets/login_email_field.dart
DA:10,0
DA:17,0
DA:19,0
DA:20,0
DA:21,0
DA:22,0
DA:23,0
DA:24,0
DA:25,0
DA:26,0
DA:27,0
DA:28,0
DA:29,0
LF:13
LH:0
end_of_record
SF:lib/src/features/authentication/ui/widgets/login_password_field.dart
DA:10,0
DA:17,0
DA:19,0
DA:21,0
DA:22,0
DA:23,0
DA:24,0
DA:25,0
DA:26,0
DA:27,0
DA:29,0
DA:30,0
DA:31,0
DA:32,0
DA:36,0
DA:37,0
DA:38,0
DA:39,0
LF:18
LH:0
end_of_record
SF:lib/src/shared/widgets/input_fields/email_field/email_field.dart
DA:8,0
DA:23,0
DA:24,0
DA:34,0
DA:36,0
DA:37,0
DA:38,0
DA:41,0
DA:43,0
DA:44,0
DA:47,0
DA:49,0
DA:50,0
DA:51,0
DA:53,0
DA:54,0
DA:55,0
DA:56,0
DA:57,0
DA:58,0
DA:60,0
DA:63,0
DA:64,0
DA:66,0
DA:67,0
DA:68,0
DA:69,0
DA:73,0
DA:75,0
DA:78,0
DA:79,0
DA:80,0
DA:81,0
DA:82,0
DA:85,0
DA:86,0
DA:90,0
DA:91,0
DA:93,0
DA:94,0
DA:95,0
DA:96,0
DA:97,0
DA:100,0
DA:101,0
DA:103,0
DA:108,0
DA:111,0
DA:112,0
DA:113,0
DA:114,0
DA:117,0
DA:118,0
DA:122,0
DA:123,0
DA:127,0
DA:128,0
DA:132,0
DA:133,0
DA:137,0
DA:138,0
LF:61
LH:0
end_of_record
SF:lib/src/shared/widgets/input_fields/password_field/password_form_field.dart
DA:12,0
DA:20,0
DA:21,0
DA:30,0
DA:32,0
DA:36,0
DA:38,0
DA:39,0
DA:45,0
DA:47,0
DA:48,0
DA:49,0
DA:51,0
DA:52,0
DA:56,0
DA:60,0
DA:61,0
DA:62,0
DA:64,0
DA:67,0
DA:68,0
DA:69,0
DA:71,0
DA:73,0
DA:74,0
DA:75,0
DA:76,0
DA:78,0
DA:80,0
DA:81,0
DA:82,0
DA:83,0
DA:86,0
DA:87,0
DA:95,0
DA:97,0
DA:99,0
DA:100,0
DA:101,0
DA:104,0
DA:105,0
DA:109,0
DA:110,0
DA:114,0
DA:115,0
DA:119,0
DA:120,0
DA:124,0
DA:125,0
LF:49
LH:0
end_of_record
SF:lib/src/features/authentication/ui/widgets/sign_up_email_field.dart
DA:10,0
DA:17,0
DA:19,0
DA:20,0
DA:21,0
DA:22,0
DA:23,0
DA:24,0
DA:25,0
DA:26,0
DA:27,0
DA:28,0
LF:12
LH:0
end_of_record
SF:lib/src/features/authentication/ui/widgets/sign_up_password_field.dart
DA:10,0
DA:17,0
DA:19,0
DA:21,0
DA:22,0
DA:23,0
DA:24,0
DA:25,0
DA:26,0
DA:27,0
DA:29,0
DA:30,0
DA:31,0
DA:32,0
LF:14
LH:0
end_of_record
SF:lib/src/shared/modules/responsive_layout/constants/k_safe_area.dart
DA:5,0
DA:6,0
LF:2
LH:0
end_of_record
SF:lib/src/features/onboarding/data/datasources/onboarding_datasource.dart
DA:6,2
DA:8,2
DA:9,2
DA:13,10
DA:16,2
DA:20,10
DA:23,2
DA:28,10
LF:8
LH:8
end_of_record
SF:lib/src/features/onboarding/interactor/entities/onboarding_page_contents_dto.dart
DA:8,3
LF:1
LH:1
end_of_record
SF:lib/src/features/onboarding/data/repositories/onboarding_repository.dart
DA:8,1
DA:12,1
DA:14,2
LF:3
LH:3
end_of_record
SF:lib/src/features/onboarding/data/services/onboarding_controller_service.dart
DA:20,0
DA:26,0
DA:27,0
DA:28,0
DA:29,0
DA:31,0
DA:37,0
DA:40,0
DA:44,0
DA:47,0
DA:51,0
DA:54,0
DA:58,0
DA:61,0
DA:65,0
DA:67,0
DA:71,0
DA:73,0
DA:77,0
DA:78,0
DA:80,0
DA:82,0
LF:22
LH:0
end_of_record
SF:lib/src/features/onboarding/interactor/entities/onboarding_state_entity.dart
DA:14,0
DA:24,0
DA:25,0
DA:26,0
DA:28,0
DA:30,0
DA:31,0
DA:32,0
DA:33,0
DA:34,0
DA:35,0
LF:11
LH:0
end_of_record
SF:lib/src/features/onboarding/interactor/usecases/calculate_ui_components_uc.dart
DA:8,0
DA:11,0
DA:14,0
DA:15,0
DA:17,0
DA:18,0
DA:19,0
DA:20,0
DA:21,0
DA:23,0
DA:25,0
DA:26,0
DA:27,0
DA:28,0
DA:29,0
DA:31,0
DA:33,0
DA:34,0
DA:35,0
DA:36,0
DA:37,0
DA:41,0
DA:42,0
DA:43,0
DA:44,0
DA:45,0
LF:26
LH:0
end_of_record
SF:lib/src/features/onboarding/interactor/usecases/click_enter_button_uc.dart
DA:9,0
DA:12,0
LF:2
LH:0
end_of_record
SF:lib/src/features/onboarding/interactor/usecases/click_next_button_uc.dart
DA:8,0
DA:11,0
DA:14,0
DA:17,0
DA:18,0
DA:20,0
DA:21,0
DA:22,0
LF:8
LH:0
end_of_record
SF:lib/src/features/onboarding/interactor/usecases/click_previous_button_uc.dart
DA:8,0
DA:11,0
DA:14,0
DA:17,0
DA:18,0
DA:20,0
DA:21,0
DA:22,0
LF:8
LH:0
end_of_record
SF:lib/src/features/onboarding/interactor/usecases/click_skip_button_uc.dart
DA:9,0
DA:12,0
LF:2
LH:0
end_of_record
SF:lib/src/features/onboarding/interactor/usecases/onboarding_scroll_event_uc.dart
DA:8,0
DA:11,0
DA:12,0
DA:17,0
DA:18,0
DA:20,0
DA:21,0
DA:22,0
DA:24,0
LF:9
LH:0
end_of_record
SF:lib/src/features/onboarding/interactor/usecases/update_scroll_state_uc.dart
DA:8,0
DA:13,0
DA:16,0
DA:17,0
DA:18,0
LF:5
LH:0
end_of_record
SF:lib/src/features/onboarding/ui/pages/onboarding_page.dart
DA:17,17
DA:19,0
DA:20,0
DA:30,0
DA:32,0
DA:35,0
DA:40,0
DA:41,0
DA:42,0
DA:43,0
DA:44,0
DA:52,0
DA:54,0
DA:55,0
DA:59,0
DA:61,0
DA:62,0
DA:63,0
DA:65,0
DA:68,0
DA:83,0
DA:85,0
DA:87,0
DA:90,0
DA:93,0
DA:95,0
LF:26
LH:1
end_of_record
SF:lib/src/shared/widgets/progress_indicator/page_view_indicator/page_view_indicator.dart
DA:7,0
DA:14,0
DA:16,0
DA:17,0
DA:18,0
DA:19,0
DA:20,0
DA:22,0
DA:23,0
DA:26,0
DA:27,0
DA:28,0
DA:29,0
DA:30,0
DA:38,0
DA:39,0
DA:42,0
DA:43,0
DA:44,0
DA:45,0
DA:46,0
DA:54,0
DA:55,0
DA:58,0
DA:59,0
DA:60,0
DA:61,0
DA:62,0
LF:28
LH:0
end_of_record
SF:lib/src/features/onboarding/ui/widgets/company_logo.dart
DA:8,17
DA:10,0
DA:12,0
DA:13,0
DA:14,0
DA:15,0
LF:6
LH:1
end_of_record
SF:lib/src/features/onboarding/ui/widgets/conta_azul_leafs.dart
DA:8,17
DA:10,0
DA:12,0
DA:13,0
DA:14,0
DA:15,0
LF:6
LH:1
end_of_record
SF:lib/src/features/onboarding/ui/widgets/next_button.dart
DA:15,17
DA:19,0
DA:21,0
DA:23,0
DA:27,0
DA:29,0
DA:31,0
DA:32,0
DA:33,0
DA:35,0
DA:37,0
DA:38,0
DA:39,0
DA:40,0
DA:41,0
DA:42,0
DA:43,0
DA:45,0
DA:50,0
DA:52,0
DA:53,0
DA:54,0
DA:55,0
DA:56,0
DA:59,0
DA:60,0
DA:61,0
DA:62,0
DA:64,0
DA:75,0
DA:77,0
DA:78,0
DA:79,0
DA:81,0
DA:82,0
LF:35
LH:1
end_of_record
SF:lib/src/features/onboarding/ui/widgets/onboarding_page_view.dart
DA:15,0
DA:22,0
DA:23,0
DA:27,0
DA:31,0
DA:32,0
DA:35,0
DA:37,0
DA:39,0
DA:41,0
DA:42,0
DA:43,0
DA:47,0
DA:53,0
DA:54,0
DA:55,0
DA:56,0
DA:57,0
DA:58,0
DA:60,0
DA:61,0
DA:62,0
DA:64,0
DA:72,0
DA:73,0
DA:75,0
DA:78,0
DA:80,0
DA:81,0
DA:83,0
DA:85,0
DA:86,0
DA:91,0
DA:93,0
DA:94,0
DA:95,0
DA:100,0
DA:102,0
DA:103,0
DA:104,0
DA:105,0
LF:41
LH:0
end_of_record
SF:lib/src/features/onboarding/ui/widgets/previous_button.dart
DA:13,17
DA:17,0
DA:19,0
DA:21,0
DA:25,0
DA:27,0
DA:29,0
DA:32,0
DA:33,0
DA:34,0
DA:35,0
DA:37,0
DA:39,0
DA:40,0
DA:41,0
DA:42,0
DA:44,0
DA:45,0
DA:47,0
DA:48,0
DA:49,0
DA:50,0
DA:51,0
DA:52,0
DA:58,0
DA:59,0
DA:60,0
DA:61,0
LF:28
LH:1
end_of_record
SF:lib/src/features/onboarding/ui/widgets/skip_button.dart
DA:12,17
DA:14,0
DA:16,0
DA:18,0
DA:21,0
DA:23,0
DA:25,0
DA:26,0
DA:28,0
DA:29,0
DA:30,0
DA:32,0
DA:33,0
DA:34,0
DA:35,0
DA:36,0
DA:38,0
DA:40,0
DA:41,0
DA:42,0
DA:46,0
DA:47,0
DA:48,0
DA:49,0
DA:50,0
DA:52,0
DA:54,0
DA:61,0
DA:63,0
DA:64,0
DA:65,0
DA:66,0
LF:32
LH:1
end_of_record
SF:lib/src/shared/modules/responsive_layout/constants/k_device_size.dart
DA:3,0
DA:4,0
DA:5,0
DA:12,0
DA:13,0
LF:5
LH:0
end_of_record
SF:lib/src/shared/widgets/buttons/transparent_button.dart
DA:8,0
DA:17,0
DA:19,0
DA:21,0
DA:22,0
DA:23,0
DA:24,0
DA:26,0
DA:27,0
DA:28,0
LF:10
LH:0
end_of_record
SF:lib/src/shared/widgets/transform/mirror_horizontal.dart
DA:4,0
DA:11,0
DA:13,0
DA:15,0
LF:4
LH:0
end_of_record
SF:lib/src/features/onboarding/ui/widgets/onboarding_body.dart
DA:7,0
DA:16,0
DA:18,0
DA:19,0
DA:20,0
DA:21,0
DA:23,0
DA:24,0
DA:26,0
LF:9
LH:0
end_of_record
SF:lib/src/features/onboarding/ui/widgets/onboarding_title.dart
DA:6,0
DA:15,0
DA:17,0
DA:18,0
DA:19,0
DA:20,0
DA:22,0
DA:23,0
DA:24,0
LF:9
LH:0
end_of_record
SF:lib/src/features/product_store/data/datasources/discount_remote_ds.dart
DA:4,0
DA:6,0
LF:2
LH:0
end_of_record
SF:lib/src/features/product_store/data/datasources/favorite_products_ds.dart
DA:5,0
DA:7,0
LF:2
LH:0
end_of_record
SF:lib/src/features/product_store/data/datasources/products_remote_ds.dart
DA:12,1
DA:14,2
DA:15,1
DA:18,2
LF:4
LH:4
end_of_record
SF:lib/src/features/product_store/interactor/dtos/products_dto.dart
DA:10,3
DA:12,2
DA:13,2
DA:15,4
DA:16,4
DA:17,4
DA:19,2
DA:22,1
DA:23,1
DA:24,2
DA:25,2
DA:27,1
DA:32,0
DA:33,0
LF:14
LH:12
end_of_record
SF:lib/src/features/product_store/data/services/product_store_service.dart
DA:13,1
DA:23,0
DA:24,0
DA:26,1
DA:28,2
DA:31,1
DA:33,2
DA:36,1
DA:40,2
LF:9
LH:7
end_of_record
SF:lib/src/features/product_store/interactor/entities/product_store_state_entity.dart
DA:9,1
DA:14,1
DA:15,1
DA:16,2
DA:17,1
LF:5
LH:5
end_of_record
SF:lib/src/features/product_store/interactor/usecases/get_favorite_products_uc.dart
DA:9,1
DA:12,1
DA:14,2
LF:3
LH:3
end_of_record
SF:lib/src/features/product_store/interactor/usecases/get_more_products_uc.dart
DA:12,0
DA:16,0
DA:19,0
DA:21,0
DA:26,0
DA:27,0
DA:28,0
DA:31,0
DA:34,0
DA:35,0
DA:38,0
DA:39,0
DA:42,0
DA:43,0
DA:44,0
DA:47,0
DA:48,0
DA:49,0
LF:18
LH:0
end_of_record
SF:lib/src/features/product_store/interactor/usecases/update_favorite_products_uc.dart
DA:9,0
DA:12,0
DA:14,0
LF:3
LH:0
end_of_record
SF:lib/src/features/product_store/ui/pages/favorites_products_page.dart
DA:8,17
DA:10,0
DA:12,0
DA:14,0
DA:15,0
DA:16,0
LF:6
LH:1
end_of_record
SF:lib/src/features/product_store/ui/pages/product_description_page.dart
DA:6,17
DA:8,0
DA:10,0
DA:11,0
DA:12,0
DA:14,0
LF:6
LH:1
end_of_record
SF:lib/src/features/product_store/ui/pages/product_store_page.dart
DA:16,17
DA:18,0
DA:19,0
DA:27,0
DA:29,0
DA:30,0
DA:33,0
DA:34,0
DA:35,0
DA:36,0
DA:37,0
DA:38,0
DA:44,0
DA:47,0
DA:49,0
DA:50,0
DA:53,0
DA:55,0
DA:56,0
DA:57,0
DA:59,0
DA:64,0
DA:65,0
DA:67,0
DA:68,0
DA:70,0
DA:71,0
DA:74,0
DA:91,0
DA:94,0
DA:95,0
DA:96,0
DA:97,0
DA:98,0
DA:102,0
LF:35
LH:1
end_of_record
SF:lib/src/features/product_store/ui/widgets/filter_bar.dart
DA:8,34
DA:12,0
DA:14,0
DA:15,0
DA:16,0
DA:18,0
DA:20,0
DA:21,0
DA:22,0
LF:9
LH:1
end_of_record
SF:lib/src/features/product_store/ui/widgets/categories_bar.dart
DA:11,17
DA:15,0
DA:17,0
DA:24,0
DA:25,0
DA:26,0
DA:27,0
DA:28,0
DA:31,0
DA:32,0
DA:33,0
DA:35,0
DA:36,0
DA:40,0
DA:41,0
DA:42,0
DA:43,0
DA:44,0
DA:45,0
DA:46,0
DA:47,0
DA:48,0
DA:49,0
DA:50,0
DA:52,0
DA:53,0
DA:54,0
DA:55,0
DA:56,0
DA:57,0
DA:59,0
DA:60,0
DA:61,0
DA:62,0
DA:64,0
DA:69,0
DA:70,0
DA:78,0
DA:79,0
LF:39
LH:1
end_of_record
SF:lib/src/features/product_store/ui/widgets/countdown_timer.dart
DA:8,17
DA:12,0
DA:14,0
DA:15,0
DA:16,0
DA:17,0
DA:19,0
DA:21,0
DA:22,0
DA:23,0
DA:24,0
DA:25,0
DA:26,0
DA:28,0
DA:29,0
DA:31,0
LF:16
LH:1
end_of_record
SF:lib/src/features/product_store/ui/widgets/featured_product.dart
DA:9,17
DA:13,0
DA:15,0
DA:16,0
DA:17,0
DA:19,0
DA:20,0
DA:21,0
DA:22,0
DA:23,0
DA:24,0
DA:25,0
DA:26,0
DA:27,0
DA:29,0
DA:30,0
LF:16
LH:1
end_of_record
SF:lib/src/features/product_store/ui/widgets/loading_spinner.dart
DA:7,17
DA:11,0
DA:13,0
DA:14,0
DA:15,0
DA:16,0
DA:18,0
DA:19,0
DA:20,0
DA:21,0
DA:22,0
LF:11
LH:1
end_of_record
SF:lib/src/features/product_store/ui/widgets/product.dart
DA:12,0
DA:19,0
DA:21,0
DA:22,0
DA:23,0
DA:25,0
DA:26,0
DA:27,0
DA:28,0
DA:29,0
DA:30,0
DA:32,0
DA:35,0
DA:37,0
DA:38,0
DA:39,0
DA:40,0
DA:42,0
DA:43,0
DA:47,0
DA:48,0
DA:49,0
DA:50,0
DA:54,0
DA:55,0
DA:56,0
DA:57,0
DA:59,0
DA:60,0
DA:61,0
DA:64,0
DA:69,0
DA:70,0
DA:71,0
DA:72,0
DA:74,0
DA:75,0
DA:78,0
DA:80,0
DA:81,0
DA:82,0
DA:83,0
DA:85,0
DA:86,0
DA:87,0
DA:93,0
DA:94,0
DA:95,0
DA:96,0
DA:98,0
DA:99,0
DA:100,0
DA:105,0
DA:106,0
LF:54
LH:0
end_of_record
SF:lib/src/features/product_store/ui/widgets/favorite_item_button.dart
DA:9,17
DA:13,0
DA:14,0
DA:20,0
DA:22,0
DA:23,0
DA:24,0
DA:25,0
DA:26,0
DA:27,0
DA:28,0
DA:29,0
DA:30,0
DA:31,0
DA:32,0
DA:33,0
DA:35,0
DA:36,0
DA:37,0
DA:38,0
DA:39,0
DA:43,0
DA:44,0
DA:45,0
DA:46,0
DA:47,0
LF:26
LH:1
end_of_record
SF:lib/src/features/product_store/ui/widgets/favorites_button.dart
DA:11,17
DA:15,0
DA:17,0
DA:18,0
DA:19,0
DA:20,0
DA:21,0
DA:22,0
DA:23,0
DA:24,0
DA:25,0
DA:26,0
DA:27,0
DA:28,0
DA:31,0
DA:32,0
DA:33,0
DA:35,0
DA:36,0
LF:19
LH:1
end_of_record
SF:lib/src/shared/widgets/display_media/display_image/display_network_image.dart
DA:4,0
DA:17,0
DA:19,0
DA:20,0
DA:21,0
DA:22,0
DA:23,0
DA:24,0
DA:25,0
DA:28,0
DA:29,0
DA:30,0
DA:31,0
DA:32,0
LF:14
LH:0
end_of_record
SF:lib/src/features/product_store/ui/widgets/sold_out_counter.dart
DA:10,17
DA:14,0
DA:16,0
DA:18,0
DA:19,0
DA:20,0
DA:22,0
DA:23,0
DA:24,0
DA:25,0
DA:26,0
DA:27,0
DA:29,0
DA:30,0
DA:31,0
DA:33,0
DA:35,0
DA:36,0
DA:37,0
DA:38,0
DA:44,0
DA:46,0
DA:47,0
DA:48,0
DA:49,0
DA:50,0
LF:26
LH:1
end_of_record
SF:lib/src/features/product_store/ui/widgets/search_button.dart
DA:8,17
DA:12,0
DA:14,0
DA:15,0
DA:16,0
DA:17,0
DA:18,0
DA:19,0
DA:20,0
DA:21,0
DA:22,0
DA:23,0
DA:24,0
DA:25,0
DA:26,0
DA:29,0
DA:30,0
DA:31,0
LF:18
LH:1
end_of_record
SF:lib/src/features/product_store/ui/widgets/user_profile.dart
DA:11,17
DA:15,0
DA:17,0
DA:18,0
DA:19,0
DA:20,0
DA:21,0
DA:22,0
DA:23,0
DA:24,0
DA:25,0
DA:26,0
DA:27,0
DA:28,0
DA:31,0
DA:32,0
DA:33,0
DA:35,0
DA:36,0
LF:19
LH:1
end_of_record
SF:lib/src/shared/design_system/colors/ds_colors.dart
DA:4,3
DA:5,3
DA:6,3
DA:7,0
DA:8,3
DA:9,3
DA:10,0
DA:11,0
DA:12,6
DA:13,0
DA:14,0
DA:15,0
DA:16,0
DA:17,0
DA:18,0
DA:19,0
DA:20,0
DA:21,0
DA:22,0
DA:23,0
DA:24,0
DA:25,3
LF:22
LH:7
end_of_record
SF:lib/src/shared/modules/haptic_feedback/data/services/vibrate_haptics_service.dart
DA:9,0
DA:10,0
DA:13,0
DA:15,0
DA:16,0
DA:19,0
DA:21,0
DA:22,0
DA:25,0
DA:27,0
DA:28,0
DA:31,0
DA:36,0
DA:38,0
DA:42,0
DA:46,0
DA:49,0
DA:54,0
DA:57,0
DA:58,0
DA:60,0
LF:21
LH:0
end_of_record
SF:lib/src/shared/modules/internet/data/services/http_client_service.dart
DA:16,4
DA:21,1
DA:24,2
DA:28,0
DA:29,0
DA:33,1
DA:37,2
DA:39,1
DA:41,0
DA:46,1
DA:49,2
DA:53,0
DA:54,0
DA:58,1
DA:62,2
DA:64,1
DA:66,0
DA:71,2
DA:74,4
DA:78,0
DA:79,0
DA:83,2
DA:87,2
DA:92,2
DA:94,0
DA:99,0
DA:102,0
DA:105,0
DA:109,0
LF:29
LH:16
end_of_record
SF:lib/src/shared/modules/internet/interactor/errors/offline_error.dart
DA:4,0
LF:1
LH:0
end_of_record
SF:lib/src/shared/modules/internet/interactor/errors/request_error.dart
DA:4,0
LF:1
LH:0
end_of_record
SF:lib/src/shared/modules/internet/data/services/internet_status_service.dart
DA:6,4
DA:8,8
LF:2
LH:2
end_of_record
SF:lib/src/shared/modules/internet/ui/pages/offline_error_page.dart
DA:6,17
DA:8,0
LF:2
LH:1
end_of_record
SF:lib/src/shared/modules/responsive_layout/interactor/entities/platform_info.dart
DA:10,0
LF:1
LH:0
end_of_record
SF:lib/src/shared/modules/responsive_layout/data/services/platform_info_service.dart
DA:7,0
DA:12,0
DA:14,0
DA:21,0
DA:28,0
DA:35,0
DA:39,0
DA:43,0
DA:54,0
DA:58,0
DA:59,0
LF:11
LH:0
end_of_record
